autoscan: warning: missing AC_C_CONST wanted by: 
	src/DiagramWindow.cpp:11
	src/DiagramWindow.cpp:12
	src/DiagramWindow.cpp:14
	src/DiagramWindow.cpp:46
	src/DiagramWindow.cpp:47
	src/DiagramWindow.cpp:54
	src/DiagramWindow.cpp:55
	src/DiagramWindow.cpp:233
	src/DiagramWindow.cpp:233
	src/DiagramWindow.cpp:329
	src/DiagramWindow.cpp:329
	src/DiagramWindow.cpp:354
	src/DiagramWindow.cpp:364
	src/DiagramWindow.cpp:378
	src/DiagramWindow.cpp:382
	src/DiagramWindow.cpp:383
	src/DiagramWindow.cpp:498
	src/DiagramWindow.cpp:512
	src/DiagramWindow.cpp:516
	src/DiagramWindow.cpp:551
	src/DiagramWindow.cpp:566
	src/DiagramWindow.cpp:591
	src/DiagramWindow.cpp:606
	src/DiagramWindow.cpp:607
	src/DiagramWindow.cpp:646
	src/DiagramWindow.cpp:647
	src/DiagramWindow.cpp:648
	src/DiagramWindow.cpp:743
	src/DiagramWindow.cpp:744
	src/DiagramWindow.cpp:745
	src/DiagramWindow.cpp:746
	src/DiagramWindow.cpp:747
	src/DiagramWindow.cpp:748
	src/DiagramWindow.cpp:774
	src/DiagramWindow.cpp:775
	src/DiagramWindow.cpp:776
	src/DiagramWindow.cpp:777
	src/DiagramWindow.cpp:778
	src/DiagramWindow.cpp:779
	src/DiagramWindow.cpp:780
	src/DiagramWindow.cpp:824
	src/DiagramWindow.cpp:825
	src/DiagramWindow.cpp:826
	src/DiagramWindow.cpp:827
	src/DiagramWindow.cpp:828
	src/DiagramWindow.cpp:829
	src/DiagramWindow.cpp:830
	src/DiagramWindow.cpp:858
	src/DiagramWindow.cpp:859
	src/DiagramWindow.cpp:873
	src/DiagramWindow.cpp:884
	src/DiagramWindow.cpp:909
	src/DiagramWindow.h:20
	src/DiagramWindow.h:21
	src/DiagramWindow.h:22
	src/DiagramWindow.h:23
	src/DiagramWindow.h:24
	src/DiagramWindow.h:30
	src/DiagramWindow.h:31
	src/DiagramWindow.h:32
	src/DiagramWindow.h:50
	src/DiagramWindow.h:51
	src/DiagramWindow.h:55
	src/DiagramWindow.h:56
	src/DiagramWindow.h:61
	src/DiagramWindow.h:61
	src/DiagramWindow.h:62
	src/DiagramWindow.h:66
	src/DiagramWindow.h:67
	src/DiagramWindow.h:68
	src/DiagramWindow.h:75
	src/DiagramWindow.h:76
	src/DiagramWindow.h:77
	src/DiagramWindow.h:78
	src/DiagramWindow.h:79
	src/DiagramWindow.h:80
	src/DiagramWindow.h:86
	src/DiagramWindow.h:87
	src/DiagramWindow.h:88
	src/DiagramWindow.h:89
	src/DiagramWindow.h:90
	src/DiagramWindow.h:91
	src/DiagramWindow.h:92
	src/DiagramWindow.h:95
	src/DiagramWindow.h:96
	src/DiagramWindow.h:97
	src/DiagramWindow.h:98
	src/DiagramWindow.h:99
	src/DiagramWindow.h:100
	src/DiagramWindow.h:101
	src/DiagramWindow.h:104
	src/DiagramWindow.h:105
	src/StatsWindow.cpp:24
	src/StatsWindow.cpp:651
	src/StatsWindow.cpp:652
	src/StatsWindow.cpp:658
	src/StatsWindow.cpp:659
	src/StatsWindow.cpp:716
	src/StatsWindow.cpp:732
	src/StatsWindow.cpp:737
	src/StatsWindow.cpp:753
	src/StatsWindow.cpp:785
	src/StatsWindow.cpp:874
	src/Fl_Rotated_Text.cpp:28
	src/Fl_Rotated_Text.cpp:28
	src/Fl_Rotated_Text.cpp:34
	src/Fl_Rotated_Text.H:64
	src/Fl_Rotated_Text.H:66
	src/Fl_Rotated_Text.H:79
	src/FolderWindow.cpp:11
	src/FolderWindow.cpp:21
	src/FolderWindow.cpp:57
	src/FolderWindow.cpp:57
	src/FolderWindow.cpp:95
	src/FolderWindow.cpp:104
	src/FolderWindow.h:18
	src/FolderWindow.h:19
	src/FolderWindow.h:25
	src/FolderWindow.h:25
	src/GLWindow.cpp:8
	src/GLWindow.cpp:25
	src/GLWindow.cpp:112
	src/GLWindow.h:14
	src/GLWindow.h:22
	src/GLWindow.h:30
	src/InputWindow.cpp:8
	src/InputWindow.cpp:9
	src/InputWindow.cpp:18
	src/InputWindow.cpp:32
	src/InputWindow.h:43
	src/InputWindow.h:43
	src/InputWindow.h:47
	src/MainWindow.cpp:82
	src/MainWindow.cpp:82
	src/MainWindow.cpp:83
	src/MainWindow.cpp:226
	src/MainWindow.cpp:228
	src/MainWindow.h:33
	src/MainWindow.h:33
	src/MainWindow.h:34
	src/RNAStructure.cpp:10
	src/RNAStructure.cpp:45
	src/RNAStructure.cpp:46
	src/RNAStructure.cpp:266
	src/RNAStructure.cpp:266
	src/RNAStructure.cpp:269
	src/RNAStructure.cpp:320
	src/RNAStructure.cpp:340
	src/RNAStructure.h:35
	src/RNAStructure.h:53
	src/RNAStructure.h:53
	src/RNAStructure.h:68
	src/RNAStructure.h:76
	src/RNAStructure.h:76
	src/RNAStructure.h:81
	src/RNAStructure.h:81
	src/RNAStructure.h:86
	src/RNAStructure.h:94
	src/RNAStructure.h:94
	src/RNAStructure.h:115
	src/RNAStructure.h:115
	src/RNAStructViz.cpp:54
	src/RNAStructViz.cpp:99
	src/RNAStructViz.h:35
	src/RNAStructViz.h:35
	src/RNAStructViz.h:42
	src/RNAStructViz.h:42
	src/StatsWindow.h:25
	src/StatsWindow.h:26
	src/StatsWindow.h:27
	src/StatsWindow.h:28
	src/StatsWindow.h:29
	src/StatsWindow.h:34
	src/StatsWindow.h:35
	src/StatsWindow.h:36
	src/StatsWindow.h:37
	src/StatsWindow.h:44
	src/StatsWindow.h:73
	src/StructureManager.cpp:34
	src/StructureManager.cpp:49
	src/StructureManager.cpp:69
	src/StructureManager.cpp:116
	src/StructureManager.cpp:149
	src/StructureManager.cpp:154
	src/StructureManager.cpp:154
	src/StructureManager.cpp:179
	src/StructureManager.cpp:274
	src/StructureManager.cpp:274
	src/StructureManager.cpp:276
	src/StructureManager.cpp:284
	src/StructureManager.cpp:303
	src/StructureManager.cpp:307
	src/StructureManager.cpp:308
	src/StructureManager.cpp:317
	src/StructureManager.cpp:322
	src/StructureManager.h:25
	src/StructureManager.h:30
	src/StructureManager.h:35
	src/StructureManager.h:35
	src/StructureManager.h:40
	src/StructureManager.h:48
	src/StructureManager.h:68
	src/StructureManager.h:73
	src/StructureManager.h:78
	src/StructureManager.h:83
	src/StructureManager.h:83
	src/StructureManager.h:93
	src/StructureManager.h:93
	src/StructureManager.h:101
	src/StructureManager.h:131
