This file contains any messages produced by compilers while
running configure, to aid debugging if configure makes a mistake.

It was created by RNAStructViz configure 1.0, which was
generated by GNU Autoconf 2.69.  Invocation command line was

  $ ./configure --no-create --no-recursion

## --------- ##
## Platform. ##
## --------- ##

hostname = tuxbox
uname -m = x86_64
uname -r = 4.10.0-38-generic
uname -s = Linux
uname -v = #42~16.04.1-Ubuntu SMP Tue Oct 10 16:32:20 UTC 2017

/usr/bin/uname -p = unknown
/bin/uname -X     = unknown

/bin/arch              = unknown
/usr/bin/arch -k       = unknown
/usr/convex/getsysinfo = unknown
/usr/bin/hostinfo      = unknown
/bin/machine           = unknown
/usr/bin/oslevel       = unknown
/bin/universe          = unknown

PATH: /home/maxie/bin
PATH: /home/maxie/.local/bin
PATH: /usr/local/sbin
PATH: /usr/local/bin
PATH: /usr/sbin
PATH: /usr/bin
PATH: /sbin
PATH: /bin
PATH: /usr/games
PATH: /usr/local/games


## ----------- ##
## Core tests. ##
## ----------- ##

configure:2323: checking for g++
configure:2339: found /usr/bin/g++
configure:2350: result: g++
configure:2377: checking for C++ compiler version
configure:2386: g++ --version >&5
g++ (Ubuntu 5.4.0-6ubuntu1~16.04.9) 5.4.0 20160609
Copyright (C) 2015 Free Software Foundation, Inc.
This is free software; see the source for copying conditions.  There is NO
warranty; not even for MERCHANTABILITY or FITNESS FOR A PARTICULAR PURPOSE.

configure:2397: $? = 0
configure:2386: g++ -v >&5
Using built-in specs.
COLLECT_GCC=g++
COLLECT_LTO_WRAPPER=/usr/lib/gcc/x86_64-linux-gnu/5/lto-wrapper
Target: x86_64-linux-gnu
Configured with: ../src/configure -v --with-pkgversion='Ubuntu 5.4.0-6ubuntu1~16.04.9' --with-bugurl=file:///usr/share/doc/gcc-5/README.Bugs --enable-languages=c,ada,c++,java,go,d,fortran,objc,obj-c++ --prefix=/usr --program-suffix=-5 --enable-shared --enable-linker-build-id --libexecdir=/usr/lib --without-included-gettext --enable-threads=posix --libdir=/usr/lib --enable-nls --with-sysroot=/ --enable-clocale=gnu --enable-libstdcxx-debug --enable-libstdcxx-time=yes --with-default-libstdcxx-abi=new --enable-gnu-unique-object --disable-vtable-verify --enable-libmpx --enable-plugin --with-system-zlib --disable-browser-plugin --enable-java-awt=gtk --enable-gtk-cairo --with-java-home=/usr/lib/jvm/java-1.5.0-gcj-5-amd64/jre --enable-java-home --with-jvm-root-dir=/usr/lib/jvm/java-1.5.0-gcj-5-amd64 --with-jvm-jar-dir=/usr/lib/jvm-exports/java-1.5.0-gcj-5-amd64 --with-arch-directory=amd64 --with-ecj-jar=/usr/share/java/eclipse-ecj.jar --enable-objc-gc --enable-multiarch --disable-werror --with-arch-32=i686 --with-abi=m64 --with-multilib-list=m32,m64,mx32 --enable-multilib --with-tune=generic --enable-checking=release --build=x86_64-linux-gnu --host=x86_64-linux-gnu --target=x86_64-linux-gnu
Thread model: posix
gcc version 5.4.0 20160609 (Ubuntu 5.4.0-6ubuntu1~16.04.9) 
configure:2397: $? = 0
configure:2386: g++ -V >&5
g++: error: unrecognized command line option '-V'
g++: fatal error: no input files
compilation terminated.
configure:2397: $? = 1
configure:2386: g++ -qversion >&5
g++: error: unrecognized command line option '-qversion'
g++: fatal error: no input files
compilation terminated.
configure:2397: $? = 1
configure:2417: checking whether the C++ compiler works
configure:2439: g++    conftest.cpp  >&5
configure:2443: $? = 0
configure:2491: result: yes
configure:2494: checking for C++ compiler default output file name
configure:2496: result: a.out
configure:2502: checking for suffix of executables
configure:2509: g++ -o conftest    conftest.cpp  >&5
configure:2513: $? = 0
configure:2535: result: 
configure:2557: checking whether we are cross compiling
configure:2565: g++ -o conftest    conftest.cpp  >&5
configure:2569: $? = 0
configure:2576: ./conftest
configure:2580: $? = 0
configure:2595: result: no
configure:2600: checking for suffix of object files
configure:2622: g++ -c   conftest.cpp >&5
configure:2626: $? = 0
configure:2647: result: o
configure:2651: checking whether we are using the GNU C++ compiler
configure:2670: g++ -c   conftest.cpp >&5
configure:2670: $? = 0
configure:2679: result: yes
configure:2688: checking whether g++ accepts -g
configure:2708: g++ -c -g  conftest.cpp >&5
configure:2708: $? = 0
configure:2749: result: yes
configure:2820: checking for gcc
configure:2836: found /usr/bin/gcc
configure:2847: result: gcc
configure:3076: checking for C compiler version
configure:3085: gcc --version >&5
gcc (Ubuntu 5.4.0-6ubuntu1~16.04.9) 5.4.0 20160609
Copyright (C) 2015 Free Software Foundation, Inc.
This is free software; see the source for copying conditions.  There is NO
warranty; not even for MERCHANTABILITY or FITNESS FOR A PARTICULAR PURPOSE.

configure:3096: $? = 0
configure:3085: gcc -v >&5
Using built-in specs.
COLLECT_GCC=gcc
COLLECT_LTO_WRAPPER=/usr/lib/gcc/x86_64-linux-gnu/5/lto-wrapper
Target: x86_64-linux-gnu
Configured with: ../src/configure -v --with-pkgversion='Ubuntu 5.4.0-6ubuntu1~16.04.9' --with-bugurl=file:///usr/share/doc/gcc-5/README.Bugs --enable-languages=c,ada,c++,java,go,d,fortran,objc,obj-c++ --prefix=/usr --program-suffix=-5 --enable-shared --enable-linker-build-id --libexecdir=/usr/lib --without-included-gettext --enable-threads=posix --libdir=/usr/lib --enable-nls --with-sysroot=/ --enable-clocale=gnu --enable-libstdcxx-debug --enable-libstdcxx-time=yes --with-default-libstdcxx-abi=new --enable-gnu-unique-object --disable-vtable-verify --enable-libmpx --enable-plugin --with-system-zlib --disable-browser-plugin --enable-java-awt=gtk --enable-gtk-cairo --with-java-home=/usr/lib/jvm/java-1.5.0-gcj-5-amd64/jre --enable-java-home --with-jvm-root-dir=/usr/lib/jvm/java-1.5.0-gcj-5-amd64 --with-jvm-jar-dir=/usr/lib/jvm-exports/java-1.5.0-gcj-5-amd64 --with-arch-directory=amd64 --with-ecj-jar=/usr/share/java/eclipse-ecj.jar --enable-objc-gc --enable-multiarch --disable-werror --with-arch-32=i686 --with-abi=m64 --with-multilib-list=m32,m64,mx32 --enable-multilib --with-tune=generic --enable-checking=release --build=x86_64-linux-gnu --host=x86_64-linux-gnu --target=x86_64-linux-gnu
Thread model: posix
gcc version 5.4.0 20160609 (Ubuntu 5.4.0-6ubuntu1~16.04.9) 
configure:3096: $? = 0
configure:3085: gcc -V >&5
gcc: error: unrecognized command line option '-V'
gcc: fatal error: no input files
compilation terminated.
configure:3096: $? = 1
configure:3085: gcc -qversion >&5
gcc: error: unrecognized command line option '-qversion'
gcc: fatal error: no input files
compilation terminated.
configure:3096: $? = 1
configure:3100: checking whether we are using the GNU C compiler
configure:3119: gcc -c   conftest.c >&5
configure:3119: $? = 0
configure:3128: result: yes
configure:3137: checking whether gcc accepts -g
configure:3157: gcc -c -g  conftest.c >&5
configure:3157: $? = 0
configure:3198: result: yes
configure:3215: checking for gcc option to accept ISO C89
configure:3278: gcc  -c -g -O2  conftest.c >&5
configure:3278: $? = 0
configure:3291: result: none needed
configure:3348: checking whether gcc understands -c and -o together
configure:3370: gcc -c conftest.c -o conftest2.o
configure:3373: $? = 0
configure:3370: gcc -c conftest.c -o conftest2.o
configure:3373: $? = 0
configure:3385: result: yes
configure:3428: checking for a BSD-compatible install
configure:3496: result: /usr/bin/install -c
configure:3507: checking whether build environment is sane
configure:3562: result: yes
configure:3597: WARNING: 'missing' script is too old or missing
configure:3710: checking for a thread-safe mkdir -p
configure:3749: result: /bin/mkdir -p
configure:3756: checking for gawk
configure:3772: found /usr/bin/gawk
configure:3783: result: gawk
configure:3794: checking whether make sets $(MAKE)
configure:3816: result: yes
configure:3846: checking for style of include used by make
configure:3874: result: GNU
configure:3908: checking whether make supports nested variables
configure:3925: result: yes
configure:4011: checking dependency style of gcc
configure:4122: result: gcc3
configure:4139: checking dependency style of g++
configure:4250: result: gcc3
configure:4419: checking that generated files are newer than configure
configure:4425: result: done
configure:4452: creating ./config.status
configure:5777: checking how to run the C preprocessor
configure:5808: gcc -E  conftest.c
configure:5808: $? = 0
configure:5822: gcc -E  conftest.c
conftest.c:11:28: fatal error: ac_nonexistent.h: No such file or directory
compilation terminated.
configure:5822: $? = 1
configure: failed program was:
| /* confdefs.h */
| #define PACKAGE_NAME "RNAStructViz"
| #define PACKAGE_TARNAME "rnastructviz"
| #define PACKAGE_VERSION "1.0"
| #define PACKAGE_STRING "RNAStructViz 1.0"
| #define PACKAGE_BUGREPORT "BUG-REPORT-ADDRESS"
| #define PACKAGE_URL ""
| #define PACKAGE "RNAStructViz"
| #define VERSION "1.0"
| /* end confdefs.h.  */
| #include <ac_nonexistent.h>
configure:5847: result: gcc -E
configure:5867: gcc -E  conftest.c
configure:5867: $? = 0
configure:5881: gcc -E  conftest.c
conftest.c:11:28: fatal error: ac_nonexistent.h: No such file or directory
compilation terminated.
configure:5881: $? = 1
configure: failed program was:
| /* confdefs.h */
| #define PACKAGE_NAME "RNAStructViz"
| #define PACKAGE_TARNAME "rnastructviz"
| #define PACKAGE_VERSION "1.0"
| #define PACKAGE_STRING "RNAStructViz 1.0"
| #define PACKAGE_BUGREPORT "BUG-REPORT-ADDRESS"
| #define PACKAGE_URL ""
| #define PACKAGE "RNAStructViz"
| #define VERSION "1.0"
| /* end confdefs.h.  */
| #include <ac_nonexistent.h>
configure:5910: checking for grep that handles long lines and -e
configure:5968: result: /bin/grep
configure:5973: checking for egrep
configure:6035: result: /bin/grep -E
configure:6040: checking for ANSI C header files
configure:6060: gcc -c -g -O2  conftest.c >&5
configure:6060: $? = 0
configure:6133: gcc -o conftest -g -O2   conftest.c  >&5
configure:6133: $? = 0
configure:6133: ./conftest
configure:6133: $? = 0
configure:6144: result: yes
configure:6157: checking for sys/types.h
configure:6157: gcc -c -g -O2  conftest.c >&5
configure:6157: $? = 0
configure:6157: result: yes
configure:6157: checking for sys/stat.h
configure:6157: gcc -c -g -O2  conftest.c >&5
configure:6157: $? = 0
configure:6157: result: yes
configure:6157: checking for stdlib.h
configure:6157: gcc -c -g -O2  conftest.c >&5
configure:6157: $? = 0
configure:6157: result: yes
configure:6157: checking for string.h
configure:6157: gcc -c -g -O2  conftest.c >&5
configure:6157: $? = 0
configure:6157: result: yes
configure:6157: checking for memory.h
configure:6157: gcc -c -g -O2  conftest.c >&5
configure:6157: $? = 0
configure:6157: result: yes
configure:6157: checking for strings.h
configure:6157: gcc -c -g -O2  conftest.c >&5
configure:6157: $? = 0
configure:6157: result: yes
configure:6157: checking for inttypes.h
configure:6157: gcc -c -g -O2  conftest.c >&5
configure:6157: $? = 0
configure:6157: result: yes
configure:6157: checking for stdint.h
configure:6157: gcc -c -g -O2  conftest.c >&5
configure:6157: $? = 0
configure:6157: result: yes
configure:6157: checking for unistd.h
configure:6157: gcc -c -g -O2  conftest.c >&5
configure:6157: $? = 0
configure:6157: result: yes
configure:6172: checking for stdlib.h
configure:6172: result: yes
configure:6172: checking for string.h
configure:6172: result: yes
configure:6172: checking for unistd.h
configure:6172: result: yes
configure:6184: checking for stdbool.h that conforms to C99
configure:6251: gcc -c -g -O2  conftest.c >&5
configure:6251: $? = 0
configure:6258: result: yes
configure:6260: checking for _Bool
configure:6260: gcc -c -g -O2  conftest.c >&5
configure:6260: $? = 0
configure:6260: gcc -c -g -O2  conftest.c >&5
conftest.c: In function 'main':
conftest.c:60:20: error: expected expression before ')' token
 if (sizeof ((_Bool)))
                    ^
configure:6260: $? = 1
configure: failed program was:
| /* confdefs.h */
| #define PACKAGE_NAME "RNAStructViz"
| #define PACKAGE_TARNAME "rnastructviz"
| #define PACKAGE_VERSION "1.0"
| #define PACKAGE_STRING "RNAStructViz 1.0"
| #define PACKAGE_BUGREPORT "BUG-REPORT-ADDRESS"
| #define PACKAGE_URL ""
| #define PACKAGE "RNAStructViz"
| #define VERSION "1.0"
| #define STDC_HEADERS 1
| #define HAVE_SYS_TYPES_H 1
| #define HAVE_SYS_STAT_H 1
| #define HAVE_STDLIB_H 1
| #define HAVE_STRING_H 1
| #define HAVE_MEMORY_H 1
| #define HAVE_STRINGS_H 1
| #define HAVE_INTTYPES_H 1
| #define HAVE_STDINT_H 1
| #define HAVE_UNISTD_H 1
| #define HAVE_STDLIB_H 1
| #define HAVE_STRING_H 1
| #define HAVE_UNISTD_H 1
| /* end confdefs.h.  */
| #include <stdio.h>
| #ifdef HAVE_SYS_TYPES_H
| # include <sys/types.h>
| #endif
| #ifdef HAVE_SYS_STAT_H
| # include <sys/stat.h>
| #endif
| #ifdef STDC_HEADERS
| # include <stdlib.h>
| # include <stddef.h>
| #else
| # ifdef HAVE_STDLIB_H
| #  include <stdlib.h>
| # endif
| #endif
| #ifdef HAVE_STRING_H
| # if !defined STDC_HEADERS && defined HAVE_MEMORY_H
| #  include <memory.h>
| # endif
| # include <string.h>
| #endif
| #ifdef HAVE_STRINGS_H
| # include <strings.h>
| #endif
| #ifdef HAVE_INTTYPES_H
| # include <inttypes.h>
| #endif
| #ifdef HAVE_STDINT_H
| # include <stdint.h>
| #endif
| #ifdef HAVE_UNISTD_H
| # include <unistd.h>
| #endif
| int
| main ()
| {
| if (sizeof ((_Bool)))
| 	    return 0;
|   ;
|   return 0;
| }
configure:6260: result: yes
configure:6277: checking for inline
configure:6293: gcc -c -g -O2  conftest.c >&5
configure:6293: $? = 0
configure:6301: result: inline
configure:6323: checking for stdlib.h
configure:6323: result: yes
configure:6333: checking for GNU libc compatible malloc
configure:6357: gcc -o conftest -g -O2   conftest.c  >&5
configure:6357: $? = 0
configure:6357: ./conftest
configure:6357: $? = 0
configure:6367: result: yes
configure:6390: checking for stdlib.h
configure:6390: result: yes
configure:6400: checking for GNU libc compatible realloc
configure:6424: gcc -o conftest -g -O2   conftest.c  >&5
configure:6424: $? = 0
configure:6424: ./conftest
configure:6424: $? = 0
configure:6434: result: yes
configure:6458: checking for getcwd
configure:6458: gcc -o conftest -g -O2   conftest.c  >&5
configure:6458: $? = 0
configure:6458: result: yes
configure:6458: checking for memset
configure:6458: gcc -o conftest -g -O2   conftest.c  >&5
conftest.c:54:6: warning: conflicting types for built-in function 'memset'
 char memset ();
      ^
configure:6458: $? = 0
configure:6458: result: yes
configure:6458: checking for sqrt
configure:6458: gcc -o conftest -g -O2   conftest.c  >&5
conftest.c:55:6: warning: conflicting types for built-in function 'sqrt'
 char sqrt ();
      ^
/tmp/cc0Y928E.o: In function `main':
/home/maxie/RNA-projects/RNAStructViz/conftest.c:66: undefined reference to `sqrt'
collect2: error: ld returned 1 exit status
configure:6458: $? = 1
configure: failed program was:
| /* confdefs.h */
| #define PACKAGE_NAME "RNAStructViz"
| #define PACKAGE_TARNAME "rnastructviz"
| #define PACKAGE_VERSION "1.0"
| #define PACKAGE_STRING "RNAStructViz 1.0"
| #define PACKAGE_BUGREPORT "BUG-REPORT-ADDRESS"
| #define PACKAGE_URL ""
| #define PACKAGE "RNAStructViz"
| #define VERSION "1.0"
| #define STDC_HEADERS 1
| #define HAVE_SYS_TYPES_H 1
| #define HAVE_SYS_STAT_H 1
| #define HAVE_STDLIB_H 1
| #define HAVE_STRING_H 1
| #define HAVE_MEMORY_H 1
| #define HAVE_STRINGS_H 1
| #define HAVE_INTTYPES_H 1
| #define HAVE_STDINT_H 1
| #define HAVE_UNISTD_H 1
| #define HAVE_STDLIB_H 1
| #define HAVE_STRING_H 1
| #define HAVE_UNISTD_H 1
| #define HAVE__BOOL 1
| #define HAVE_STDBOOL_H 1
| #define HAVE_STDLIB_H 1
| #define HAVE_MALLOC 1
| #define HAVE_STDLIB_H 1
| #define HAVE_REALLOC 1
| #define HAVE_GETCWD 1
| #define HAVE_MEMSET 1
| /* end confdefs.h.  */
| /* Define sqrt to an innocuous variant, in case <limits.h> declares sqrt.
|    For example, HP-UX 11i <limits.h> declares gettimeofday.  */
| #define sqrt innocuous_sqrt
| 
| /* System header to define __stub macros and hopefully few prototypes,
|     which can conflict with char sqrt (); below.
|     Prefer <limits.h> to <assert.h> if __STDC__ is defined, since
|     <limits.h> exists even on freestanding compilers.  */
| 
| #ifdef __STDC__
| # include <limits.h>
| #else
| # include <assert.h>
| #endif
| 
| #undef sqrt
| 
| /* Override any GCC internal prototype to avoid an error.
|    Use char because int might match the return type of a GCC
|    builtin and then its argument prototype would still apply.  */
| #ifdef __cplusplus
| extern "C"
| #endif
| char sqrt ();
| /* The GNU C library defines this for functions which it implements
|     to always fail with ENOSYS.  Some functions are actually named
|     something starting with __ and the normal name is an alias.  */
| #if defined __stub_sqrt || defined __stub___sqrt
| choke me
| #endif
| 
| int
| main ()
| {
| return sqrt ();
|   ;
|   return 0;
| }
configure:6458: result: no
configure:6458: checking for strdup
configure:6458: gcc -o conftest -g -O2   conftest.c  >&5
conftest.c:55:6: warning: conflicting types for built-in function 'strdup'
 char strdup ();
      ^
configure:6458: $? = 0
configure:6458: result: yes
configure:6458: checking for strrchr
configure:6458: gcc -o conftest -g -O2   conftest.c  >&5
conftest.c:56:6: warning: conflicting types for built-in function 'strrchr'
 char strrchr ();
      ^
configure:6458: $? = 0
configure:6458: result: yes
configure:6577: checking that generated files are newer than configure
configure:6583: result: done
configure:6614: creating ./config.status

## ---------------- ##
## Cache variables. ##
## ---------------- ##

ac_cv_c_compiler_gnu=yes
ac_cv_c_inline=inline
ac_cv_cxx_compiler_gnu=yes
ac_cv_env_CCC_set=
ac_cv_env_CCC_value=
ac_cv_env_CC_set=
ac_cv_env_CC_value=
ac_cv_env_CFLAGS_set=
ac_cv_env_CFLAGS_value=
ac_cv_env_CPPFLAGS_set=
ac_cv_env_CPPFLAGS_value=
ac_cv_env_CPP_set=
ac_cv_env_CPP_value=
ac_cv_env_CXXFLAGS_set=
ac_cv_env_CXXFLAGS_value=
ac_cv_env_CXX_set=
ac_cv_env_CXX_value=
ac_cv_env_LDFLAGS_set=
ac_cv_env_LDFLAGS_value=
ac_cv_env_LIBS_set=
ac_cv_env_LIBS_value=
ac_cv_env_build_alias_set=
ac_cv_env_build_alias_value=
ac_cv_env_host_alias_set=
ac_cv_env_host_alias_value=
ac_cv_env_target_alias_set=
ac_cv_env_target_alias_value=
ac_cv_func_getcwd=yes
ac_cv_func_malloc_0_nonnull=yes
ac_cv_func_memset=yes
ac_cv_func_realloc_0_nonnull=yes
ac_cv_func_sqrt=no
ac_cv_func_strdup=yes
ac_cv_func_strrchr=yes
ac_cv_header_inttypes_h=yes
ac_cv_header_memory_h=yes
ac_cv_header_stdbool_h=yes
ac_cv_header_stdc=yes
ac_cv_header_stdint_h=yes
ac_cv_header_stdlib_h=yes
ac_cv_header_string_h=yes
ac_cv_header_strings_h=yes
ac_cv_header_sys_stat_h=yes
ac_cv_header_sys_types_h=yes
ac_cv_header_unistd_h=yes
ac_cv_objext=o
ac_cv_path_EGREP='/bin/grep -E'
ac_cv_path_GREP=/bin/grep
ac_cv_path_install='/usr/bin/install -c'
ac_cv_path_mkdir=/bin/mkdir
ac_cv_prog_AWK=gawk
ac_cv_prog_CPP='gcc -E'
ac_cv_prog_ac_ct_CC=gcc
ac_cv_prog_ac_ct_CXX=g++
ac_cv_prog_cc_c89=
ac_cv_prog_cc_g=yes
ac_cv_prog_cxx_g=yes
ac_cv_prog_make_make_set=yes
ac_cv_type__Bool=yes
am_cv_CC_dependencies_compiler_type=gcc3
am_cv_CXX_dependencies_compiler_type=gcc3
am_cv_make_support_nested_variables=yes
am_cv_prog_cc_c_o=yes

## ----------------- ##
## Output variables. ##
## ----------------- ##

ACLOCAL='aclocal-1.15'
AMDEPBACKSLASH='\'
AMDEP_FALSE='#'
AMDEP_TRUE=''
AMTAR='$${TAR-tar}'
AM_BACKSLASH='\'
AM_DEFAULT_V='$(AM_DEFAULT_VERBOSITY)'
AM_DEFAULT_VERBOSITY='1'
AM_V='$(V)'
AUTOCONF='autoconf'
AUTOHEADER='autoheader'
AUTOMAKE='automake-1.15'
AWK='gawk'
CC='gcc'
CCDEPMODE='depmode=gcc3'
CFLAGS='-g -O2'
CPP='gcc -E'
CPPFLAGS=''
CXX='g++'
CXXDEPMODE='depmode=gcc3'
CXXFLAGS='-g -O2'
CXXFLAGS_EXTRA='-std=c++11 -DFLTK_HAVE_CAIRO -I/usr/local/include -I/usr/include/cairo -I/usr/include/glib-2.0 -I/usr/lib/x86_64-linux-gnu/glib-2.0/include -I/usr/include/pixman-1 -I/usr/include/freetype2 -I/usr/include/libpng12 -I/usr/local/include/FL/images -I/usr/include/freetype2 -D_LARGEFILE_SOURCE -D_LARGEFILE64_SOURCE -D_THREAD_SAFE -D_REENTRANT -I/usr/include/cairo -I/usr/include/glib-2.0 -I/usr/lib/x86_64-linux-gnu/glib-2.0/include -I/usr/include/pixman-1 -I/usr/include/freetype2 -I/usr/include/libpng12'
CYGPATH_W='echo'
DEFS='-DHAVE_CONFIG_H'
DEPDIR='.deps'
ECHO_C=''
ECHO_N='-n'
ECHO_T=''
EGREP='/bin/grep -E'
EXEEXT=''
GREP='/bin/grep'
INSTALL_DATA='${INSTALL} -m 644'
INSTALL_PROGRAM='${INSTALL}'
INSTALL_SCRIPT='${INSTALL}'
INSTALL_STRIP_PROGRAM='$(install_sh) -c -s'
LDFLAGS=''
LDFLAGS_EXTRA='-std=c++11 /usr/local/lib/libfltk.a -lfltk -lfltk_gl -lfltk_cairo -lfltk_images -lstdc++ -lXfixes -lXext -lpthread -ldl -lm -lX11 -lGL -lGLU -lGL -lXext -lXfixes -ldl -lfontconfig -lfreetype -lXrender -lX11 -lcairo -lXext -lXrender -lX11 -lXft -lXinerama -lXcursor -lX11 -lcairo'
LIBOBJS=''
LIBS=''
LTLIBOBJS=''
MAKEINFO='makeinfo'
MKDIR_P='/bin/mkdir -p'
OBJEXT='o'
PACKAGE='RNAStructViz'
PACKAGE_BUGREPORT='BUG-REPORT-ADDRESS'
PACKAGE_NAME='RNAStructViz'
PACKAGE_STRING='RNAStructViz 1.0'
PACKAGE_TARNAME='rnastructviz'
PACKAGE_URL=''
PACKAGE_VERSION='1.0'
PATH_SEPARATOR=':'
SET_MAKE=''
SHELL='/bin/bash'
STRIP=''
VERSION='1.0'
ac_ct_CC='gcc'
ac_ct_CXX='g++'
am__EXEEXT_FALSE=''
am__EXEEXT_TRUE='#'
am__fastdepCC_FALSE='#'
am__fastdepCC_TRUE=''
am__fastdepCXX_FALSE='#'
am__fastdepCXX_TRUE=''
am__include='include'
am__isrc=''
am__leading_dot='.'
am__nodep='_no'
am__quote=''
am__tar='$${TAR-tar} chof - "$$tardir"'
am__untar='$${TAR-tar} xf -'
bindir='${exec_prefix}/bin'
build_alias=''
datadir='${datarootdir}'
datarootdir='${prefix}/share'
docdir='${datarootdir}/doc/${PACKAGE_TARNAME}'
dvidir='${docdir}'
exec_prefix='${prefix}'
host_alias=''
htmldir='${docdir}'
includedir='${prefix}/include'
infodir='${datarootdir}/info'
install_sh='${SHELL} /home/maxie/RNA-projects/RNAStructViz/install-sh'
libdir='${exec_prefix}/lib'
libexecdir='${exec_prefix}/libexec'
localedir='${datarootdir}/locale'
localstatedir='${prefix}/var'
mandir='${datarootdir}/man'
mkdir_p='$(MKDIR_P)'
oldincludedir='/usr/include'
pdfdir='${docdir}'
prefix='/usr/local'
program_transform_name='s,x,x,'
psdir='${docdir}'
runstatedir='${localstatedir}/run'
sbindir='${exec_prefix}/sbin'
sharedstatedir='${prefix}/com'
sysconfdir='${prefix}/etc'
target_alias=''

## ----------- ##
## confdefs.h. ##
## ----------- ##

/* confdefs.h */
#define PACKAGE_NAME "RNAStructViz"
#define PACKAGE_TARNAME "rnastructviz"
#define PACKAGE_VERSION "1.0"
#define PACKAGE_STRING "RNAStructViz 1.0"
#define PACKAGE_BUGREPORT "BUG-REPORT-ADDRESS"
#define PACKAGE_URL ""
#define PACKAGE "RNAStructViz"
#define VERSION "1.0"
#define STDC_HEADERS 1
#define HAVE_SYS_TYPES_H 1
#define HAVE_SYS_STAT_H 1
#define HAVE_STDLIB_H 1
#define HAVE_STRING_H 1
#define HAVE_MEMORY_H 1
#define HAVE_STRINGS_H 1
#define HAVE_INTTYPES_H 1
#define HAVE_STDINT_H 1
#define HAVE_UNISTD_H 1
#define HAVE_STDLIB_H 1
#define HAVE_STRING_H 1
#define HAVE_UNISTD_H 1
#define HAVE__BOOL 1
#define HAVE_STDBOOL_H 1
#define HAVE_STDLIB_H 1
#define HAVE_MALLOC 1
#define HAVE_STDLIB_H 1
#define HAVE_REALLOC 1
#define HAVE_GETCWD 1
#define HAVE_MEMSET 1
#define HAVE_STRDUP 1
#define HAVE_STRRCHR 1

configure: exit 0

## ---------------------- ##
## Running config.status. ##
## ---------------------- ##

This file was extended by RNAStructViz config.status 1.0, which was
generated by GNU Autoconf 2.69.  Invocation command line was

  CONFIG_FILES    = 
  CONFIG_HEADERS  = 
  CONFIG_LINKS    = 
  CONFIG_COMMANDS = 
  $ ./config.status 

on tuxbox

config.status:879: creating Makefile
config.status:879: creating src/Makefile
config.status:879: creating rnastructviz_config.h
config.status:1060: rnastructviz_config.h is unchanged
config.status:1108: executing depfiles commands

## ---------------------- ##
## Running config.status. ##
## ---------------------- ##

This file was extended by RNAStructViz config.status 1.0, which was
generated by GNU Autoconf 2.69.  Invocation command line was

  CONFIG_FILES    = 
  CONFIG_HEADERS  = 
  CONFIG_LINKS    = 
  CONFIG_COMMANDS = 
  $ ./config.status rnastructviz_config.h

on tuxbox

config.status:879: creating rnastructviz_config.h
config.status:1060: rnastructviz_config.h is unchanged
